<?xml version="1.0" encoding="UTF-8"?>
<testsuites>
  <testsuite name="Launch_Application" timestamp="2020-12-10T17:21:48" time="14.874" tests="2" failures="0" errors="1" skipped="0">
    <properties>
      <property name="specId" value="0"/>
      <property name="suiteName" value="Launch Application"/>
      <property name="capabilities" value="chrome.86_0_4240_75.win32"/>
      <property name="file" value=".\test\test.js"/>
    </properties>
    <testcase classname="chrome.86_0_4240_75.win32.Launch_Application" name="Launch_1" time="7.765">
      <system-out>
        <![CDATA[
COMMAND: navigateTo - {"url":"https://webdriver.io/"}
RESULT: undefined
]]>
      </system-out>
    </testcase>
    <testcase classname="chrome.86_0_4240_75.win32.Launch_Application" name="Launch_2" time="7.103">
      <error message="Command &quot;maximizeWindow&quot; is not yet implemented"/>
      <system-out>
        <![CDATA[
COMMAND: navigateTo - {"url":"https://webdriver.io/"}
RESULT: undefined
COMMAND: takeScreenshot - {}
RESULT: undefined
COMMAND: deleteSession - {}
RESULT: undefined
]]>
      </system-out>
      <system-err>
        <![CDATA[
Error: Command "maximizeWindow" is not yet implemented
    at Browser.retries (C:\Users\Sundaravel\Documents\wdio\node_modules\devtools\build\devtoolsdriver.js:53:34)
    at Browser.runCommandWithHooks (C:\Users\Sundaravel\Documents\wdio\node_modules\@wdio\sync\build\wrapCommand.js:70:34)
    at Browser.runCommandWithHooks (C:\Users\Sundaravel\Documents\wdio\node_modules\@wdio\sync\build\wrapCommand.js:65:24)
    at Browser.wrapCommandFn (C:\Users\Sundaravel\Documents\wdio\node_modules\@wdio\sync\build\wrapCommand.js:44:44)
    at Context.<anonymous> (C:\Users\Sundaravel\Documents\wdio\test\test.js:14:17)
    at Context.executeSync (C:\Users\Sundaravel\Documents\wdio\node_modules\@wdio\sync\build\index.js:25:22)
    at C:\Users\Sundaravel\Documents\wdio\node_modules\@wdio\sync\build\index.js:46:68
]]>
      </system-err>
    </testcase>
  </testsuite>
</testsuites>