<?xml version="1.0" encoding="UTF-8"?>
<testsuites>
  <testsuite name="Launch_Application" timestamp="2020-12-10T17:00:02" time="7.313" tests="2" failures="0" errors="0" skipped="0">
    <properties>
      <property name="specId" value="0"/>
      <property name="suiteName" value="Launch Application"/>
      <property name="capabilities" value="chrome.86_0_4240_75.windows"/>
      <property name="file" value=".\test\test.js"/>
    </properties>
    <testcase classname="chrome.86_0_4240_75.windows.Launch_Application" name="Launch_1" time="3.828">
      <system-out>
        <![CDATA[
COMMAND: POST /session/3a6cde02df4eb7ccc0a3ceb987133b51/url - {"url":"https://webdriver.io/"}
RESULT: {"url":"https://webdriver.io/"}
]]>
      </system-out>
    </testcase>
    <testcase classname="chrome.86_0_4240_75.windows.Launch_Application" name="Launch_2" time="3.482">
      <system-out>
        <![CDATA[
COMMAND: POST /session/3a6cde02df4eb7ccc0a3ceb987133b51/url - {"url":"https://webdriver.io/"}
RESULT: {"url":"https://webdriver.io/"}
COMMAND: POST /session/3a6cde02df4eb7ccc0a3ceb987133b51/window/maximize - {}
RESULT: {}
COMMAND: DELETE /session/3a6cde02df4eb7ccc0a3ceb987133b51 - {}
RESULT: {}
]]>
      </system-out>
    </testcase>
  </testsuite>
</testsuites>