<?xml version="1.0" encoding="UTF-8"?>
<testsuites>
  <testsuite name="Launch_Application" timestamp="2020-12-10T17:25:05" time="12.028" tests="2" failures="0" errors="0" skipped="0">
    <properties>
      <property name="specId" value="0"/>
      <property name="suiteName" value="Launch Application"/>
      <property name="capabilities" value="chrome.86_0_4240_75.win32"/>
      <property name="file" value=".\test\test.js"/>
    </properties>
    <testcase classname="chrome.86_0_4240_75.win32.Launch_Application" name="Launch_1" time="7.798">
      <system-out>
        <![CDATA[
COMMAND: navigateTo - {"url":"https://webdriver.io/"}
RESULT: undefined
]]>
      </system-out>
    </testcase>
    <testcase classname="chrome.86_0_4240_75.win32.Launch_Application" name="Launch_2" time="4.226">
      <system-out>
        <![CDATA[
COMMAND: navigateTo - {"url":"https://webdriver.io/"}
RESULT: undefined
COMMAND: deleteSession - {}
RESULT: undefined
]]>
      </system-out>
    </testcase>
  </testsuite>
</testsuites>